<?xml version="1.0" encoding="UTF-8"?>
<!-- Generated by org.testng.reporters.JUnitReportReporter -->
<testsuite skipped="0" hostname="DESKTOP-74O6H1L" name="DataProviderDemo.DataProviderDemo2" tests="1" failures="0" timestamp="2021-11-10T15:11:56 IST" time="20.624" errors="0">
  <testcase name="login" time="20.624" classname="DataProviderDemo.DataProviderDemo2"/>
  <system-out/>
</testsuite> <!-- DataProviderDemo.DataProviderDemo2 -->
