<?xml version="1.0" encoding="UTF-8"?>
<!-- Generated by org.testng.reporters.JUnitReportReporter -->
<testsuite skipped="0" hostname="DESKTOP-74O6H1L" name="TestNG.TestNGPriorityDemo" tests="3" failures="0" timestamp="2021-11-10T15:20:42 IST" time="0.050" errors="0">
  <testcase name="abcd" time="0.038" classname="TestNG.TestNGPriorityDemo"/>
  <system-out/>
  <testcase name="verifyTitle" time="0.012" classname="TestNG.TestNGPriorityDemo"/>
  <system-out/>
  <testcase name="abc" time="0.000" classname="TestNG.TestNGPriorityDemo"/>
  <system-out/>
</testsuite> <!-- TestNG.TestNGPriorityDemo -->
