<?xml version="1.0" encoding="UTF-8"?>
<!-- Generated by org.testng.reporters.JUnitReportReporter -->
<testsuite skipped="0" hostname="DESKTOP-74O6H1L" name="TestNG.ClassName02" tests="3" failures="0" timestamp="2021-11-10T15:16:14 IST" time="0.031" errors="0">
  <testcase name="addVendor" time="0.016" classname="TestNG.ClassName02"/>
  <system-out/>
  <testcase name="addProduct" time="0.015" classname="TestNG.ClassName02"/>
  <system-out/>
  <testcase name="addCurrency" time="0.000" classname="TestNG.ClassName02"/>
  <system-out/>
</testsuite> <!-- TestNG.ClassName02 -->
