<?xml version="1.0" encoding="UTF-8"?>
<!-- Generated by org.testng.reporters.JUnitReportReporter -->
<testsuite skipped="0" hostname="DESKTOP-74O6H1L" name="TestNG.TestNGDependsonMethod01Priority" tests="3" failures="0" timestamp="2021-11-10T15:19:36 IST" time="0.025" errors="0">
  <testcase name="abcd" time="0.015" classname="TestNG.TestNGDependsonMethod01Priority"/>
  <system-out/>
  <testcase name="verifyTitle" time="0.010" classname="TestNG.TestNGDependsonMethod01Priority"/>
  <system-out/>
  <testcase name="abc" time="0.000" classname="TestNG.TestNGDependsonMethod01Priority"/>
  <system-out/>
</testsuite> <!-- TestNG.TestNGDependsonMethod01Priority -->
