<?xml version="1.0" encoding="UTF-8"?>
<!-- Generated by org.testng.reporters.JUnitReportReporter -->
<testsuite skipped="0" hostname="DESKTOP-74O6H1L" name="TestNgDemoAnnotation01.TestNgDemoAnnotation" tests="1" failures="0" timestamp="2021-12-10T02:34:08 IST" time="13.100" errors="0">
  <testcase name="testCurrentUrl" time="13.100" classname="TestNgDemoAnnotation01.TestNgDemoAnnotation"/>
  <system-out/>
</testsuite> <!-- TestNgDemoAnnotation01.TestNgDemoAnnotation -->
