<?xml version="1.0" encoding="UTF-8"?>
<!-- Generated by org.testng.reporters.JUnitReportReporter -->
<testsuite skipped="0" hostname="DESKTOP-74O6H1L" name="TestNG_Parallel_Test_Exicution_Classes.InvocationCountDemo" tests="5" failures="0" timestamp="2021-11-10T15:24:58 IST" time="0.027" errors="0">
  <testcase name="test1" time="0.008" classname="TestNG_Parallel_Test_Exicution_Classes.InvocationCountDemo"/>
  <system-out/>
  <testcase name="test1" time="0.008" classname="TestNG_Parallel_Test_Exicution_Classes.InvocationCountDemo"/>
  <system-out/>
  <testcase name="test1" time="0.000" classname="TestNG_Parallel_Test_Exicution_Classes.InvocationCountDemo"/>
  <system-out/>
  <testcase name="test1" time="0.003" classname="TestNG_Parallel_Test_Exicution_Classes.InvocationCountDemo"/>
  <system-out/>
  <testcase name="test1" time="0.008" classname="TestNG_Parallel_Test_Exicution_Classes.InvocationCountDemo"/>
  <system-out/>
</testsuite> <!-- TestNG_Parallel_Test_Exicution_Classes.InvocationCountDemo -->
