<?xml version="1.0" encoding="UTF-8"?>
<!-- Generated by org.testng.reporters.JUnitReportReporter -->
<testsuite skipped="0" hostname="DESKTOP-74O6H1L" name="DataProviderDemo.DataProviderDemo01" tests="1" failures="0" timestamp="2021-11-10T15:08:52 IST" time="0.022" errors="0">
  <testcase name="login" time="0.022" classname="DataProviderDemo.DataProviderDemo01"/>
  <system-out/>
</testsuite> <!-- DataProviderDemo.DataProviderDemo01 -->
