<?xml version="1.0" encoding="UTF-8"?>
<!-- Generated by org.testng.reporters.JUnitReportReporter -->
<testsuite skipped="0" hostname="DESKTOP-74O6H1L" name="TestNG.TestNGDependsonMethod00" tests="3" failures="0" timestamp="2021-11-10T15:18:41 IST" time="0.015" errors="0">
  <testcase name="addVendor" time="0.015" classname="TestNG.TestNGDependsonMethod00"/>
  <system-out/>
  <testcase name="addProduct" time="0.000" classname="TestNG.TestNGDependsonMethod00"/>
  <system-out/>
  <testcase name="addCurrency" time="0.000" classname="TestNG.TestNGDependsonMethod00"/>
  <system-out/>
</testsuite> <!-- TestNG.TestNGDependsonMethod00 -->
