<?xml version="1.0" encoding="UTF-8"?>
<!-- Generated by org.testng.reporters.JUnitReportReporter -->
<testsuite skipped="0" hostname="DESKTOP-74O6H1L" name="TestNG.ClassName1" tests="3" failures="0" timestamp="2021-12-09T22:27:32 IST" time="0.040" errors="0">
  <testcase name="addVendor" time="0.008" classname="TestNG.ClassName1"/>
  <system-out/>
  <testcase name="addProduct" time="0.016" classname="TestNG.ClassName1"/>
  <system-out/>
  <testcase name="addCurrency" time="0.016" classname="TestNG.ClassName1"/>
  <system-out/>
</testsuite> <!-- TestNG.ClassName1 -->
