<?xml version="1.0" encoding="UTF-8"?>
<!-- Generated by org.testng.reporters.JUnitReportReporter -->
<testsuite skipped="0" hostname="DESKTOP-74O6H1L" name="TestNG_Parallel_Test_Exicution_Classes.TimeOutDemo" tests="3" failures="0" timestamp="2021-11-10T15:25:22 IST" time="0.061" errors="0">
  <testcase name="LoanContact" time="0.000" classname="TestNG_Parallel_Test_Exicution_Classes.TimeOutDemo"/>
  <system-out/>
  <testcase name="LandingPage" time="0.039" classname="TestNG_Parallel_Test_Exicution_Classes.TimeOutDemo"/>
  <system-out/>
  <testcase name="ContactVerify" time="0.022" classname="TestNG_Parallel_Test_Exicution_Classes.TimeOutDemo"/>
  <system-out/>
</testsuite> <!-- TestNG_Parallel_Test_Exicution_Classes.TimeOutDemo -->
