<?xml version="1.0" encoding="UTF-8"?>
<!-- Generated by org.testng.reporters.JUnitReportReporter -->
<testsuite skipped="0" hostname="DESKTOP-74O6H1L" name="TestNG.Priority" tests="3" failures="0" timestamp="2021-11-10T15:18:07 IST" time="0.024" errors="0">
  <testcase name="abcd" time="0.016" classname="TestNG.Priority"/>
  <system-out/>
  <testcase name="verifyTitle" time="0.000" classname="TestNG.Priority"/>
  <system-out/>
  <testcase name="abc" time="0.008" classname="TestNG.Priority"/>
  <system-out/>
</testsuite> <!-- TestNG.Priority -->
