<?xml version="1.0" encoding="UTF-8"?>
<!-- Generated by org.testng.reporters.JUnitReportReporter -->
<testsuite skipped="0" hostname="DESKTOP-74O6H1L" name="TestNG_Grouping.TestNG_GroupingDemo01" tests="7" failures="0" timestamp="2021-11-10T15:21:54 IST" time="0.046" errors="0">
  <testcase name="login" time="0.015" classname="TestNG_Grouping.TestNG_GroupingDemo01"/>
  <system-out/>
  <testcase name="addVendor" time="0.007" classname="TestNG_Grouping.TestNG_GroupingDemo01"/>
  <system-out/>
  <testcase name="advancedSearch" time="0.008" classname="TestNG_Grouping.TestNG_GroupingDemo01"/>
  <system-out/>
  <testcase name="search" time="0.000" classname="TestNG_Grouping.TestNG_GroupingDemo01"/>
  <system-out/>
  <testcase name="prepaidRecharge" time="0.000" classname="TestNG_Grouping.TestNG_GroupingDemo01"/>
  <system-out/>
  <testcase name="billPayments" time="0.000" classname="TestNG_Grouping.TestNG_GroupingDemo01"/>
  <system-out/>
  <testcase name="logout" time="0.016" classname="TestNG_Grouping.TestNG_GroupingDemo01"/>
  <system-out/>
</testsuite> <!-- TestNG_Grouping.TestNG_GroupingDemo01 -->
