<?xml version="1.0" encoding="UTF-8"?>
<!-- Generated by org.testng.reporters.JUnitReportReporter -->
<testsuite skipped="0" hostname="DESKTOP-74O6H1L" name="failedTestCaseScreenshot.CaptureScreenshot" tests="1" failures="0" timestamp="2021-12-10T14:16:13 IST" time="21.439" errors="0">
  <testcase name="captureScreenshot" time="21.439" classname="failedTestCaseScreenshot.CaptureScreenshot"/>
  <system-out/>
</testsuite> <!-- failedTestCaseScreenshot.CaptureScreenshot -->
